app/build/intermediates/manifest_merge_blame_file/debug/processDebugMainManifest/manifest-merger-blame-debug-report.txt
1<?xml version="1.0" encoding="utf-8"?>
2<manifest xmlns:android="http://schemas.android.com/apk/res/android"
3    package="com.example.attendeasecampuscompanion"
4    android:versionCode="1"
5    android:versionName="1.0" >
6
7    <uses-sdk
8        android:minSdkVersion="24"
9        android:targetSdkVersion="34" />
10
11    <uses-permission android:name="android.permission.INTERNET" />
11-->src\main\AndroidManifest.xml:5:5-67
11-->src\main\AndroidManifest.xml:5:22-64
12    <uses-permission android:name="android.permission.ACCESS_NETWORK_STATE" />
12-->src\main\AndroidManifest.xml:6:5-78
12-->src\main\AndroidManifest.xml:6:22-76
13    <uses-permission android:name="android.permission.ACCESS_WIFI_STATE" />
13-->src\main\AndroidManifest.xml:7:5-75
13-->src\main\AndroidManifest.xml:7:22-73
14    <uses-permission android:name="android.permission.CHANGE_WIFI_STATE" />
14-->src\main\AndroidManifest.xml:8:5-75
14-->src\main\AndroidManifest.xml:8:22-73
15    <uses-permission android:name="android.permission.BLUETOOTH" />
15-->src\main\AndroidManifest.xml:9:5-67
15-->src\main\AndroidManifest.xml:9:22-65
16    <uses-permission android:name="android.permission.BLUETOOTH_ADMIN" />
16-->src\main\AndroidManifest.xml:10:5-73
16-->src\main\AndroidManifest.xml:10:22-71
17    <uses-permission android:name="android.permission.ACCESS_FINE_LOCATION" />
17-->src\main\AndroidManifest.xml:11:5-78
17-->src\main\AndroidManifest.xml:11:22-76
18    <uses-permission android:name="android.permission.ACCESS_COARSE_LOCATION" />
18-->src\main\AndroidManifest.xml:12:5-80
18-->src\main\AndroidManifest.xml:12:22-78
19    <uses-permission android:name="android.permission.BLUETOOTH_ADVERTISE" />
19-->src\main\AndroidManifest.xml:13:5-77
19-->src\main\AndroidManifest.xml:13:22-75
20    <uses-permission android:name="android.permission.BLUETOOTH_CONNECT" />
20-->src\main\AndroidManifest.xml:14:5-75
20-->src\main\AndroidManifest.xml:14:22-73
21    <uses-permission android:name="android.permission.BLUETOOTH_SCAN" />
21-->src\main\AndroidManifest.xml:15:5-72
21-->src\main\AndroidManifest.xml:15:22-70
22    <uses-permission android:name="android.permission.NEARBY_WIFI_DEVICES" />
22-->src\main\AndroidManifest.xml:16:5-77
22-->src\main\AndroidManifest.xml:16:22-75
23    <uses-permission android:name="android.permission.NFC" />
23-->src\main\AndroidManifest.xml:17:5-61
23-->src\main\AndroidManifest.xml:17:22-59
24    <uses-permission
24-->src\main\AndroidManifest.xml:18:5-83
25        android:name="android.harware.nfc"
25-->src\main\AndroidManifest.xml:18:22-56
26        android:required="true" />
26-->src\main\AndroidManifest.xml:18:57-80
27
28    <uses-feature
28-->[com.google.android.gms:play-services-maps:19.2.0] AndroidManifest.xml:22:5-24:33
29        android:glEsVersion="0x00020000"
29-->[com.google.android.gms:play-services-maps:19.2.0] AndroidManifest.xml:23:8-40
30        android:required="true" />
30-->[com.google.android.gms:play-services-maps:19.2.0] AndroidManifest.xml:24:8-31
31
32    <queries>
32-->[com.google.android.gms:play-services-maps:19.2.0] AndroidManifest.xml:27:5-30:15
33
34        <!-- Needs to be explicitly declared on Android R+ -->
35        <package android:name="com.google.android.apps.maps" />
35-->[com.google.android.gms:play-services-maps:19.2.0] AndroidManifest.xml:29:7-61
35-->[com.google.android.gms:play-services-maps:19.2.0] AndroidManifest.xml:29:16-59
36    </queries>
37
38    <uses-permission android:name="com.google.android.providers.gsf.permission.READ_GSERVICES" />
38-->[com.google.android.recaptcha:recaptcha:18.6.1] AndroidManifest.xml:9:5-98
38-->[com.google.android.recaptcha:recaptcha:18.6.1] AndroidManifest.xml:9:22-95
39
40    <permission
40-->[androidx.core:core:1.15.0] AndroidManifest.xml:22:5-24:47
41        android:name="com.example.attendeasecampuscompanion.DYNAMIC_RECEIVER_NOT_EXPORTED_PERMISSION"
41-->[androidx.core:core:1.15.0] AndroidManifest.xml:23:9-81
42        android:protectionLevel="signature" />
42-->[androidx.core:core:1.15.0] AndroidManifest.xml:24:9-44
43
44    <uses-permission android:name="com.example.attendeasecampuscompanion.DYNAMIC_RECEIVER_NOT_EXPORTED_PERMISSION" />
44-->[androidx.core:core:1.15.0] AndroidManifest.xml:26:5-97
44-->[androidx.core:core:1.15.0] AndroidManifest.xml:26:22-94
45
46    <application
46-->src\main\AndroidManifest.xml:20:5-147:19
47        android:allowBackup="true"
47-->src\main\AndroidManifest.xml:21:9-35
48        android:appComponentFactory="androidx.core.app.CoreComponentFactory"
48-->[androidx.core:core:1.15.0] AndroidManifest.xml:28:18-86
49        android:dataExtractionRules="@xml/data_extraction_rules"
49-->src\main\AndroidManifest.xml:22:9-65
50        android:debuggable="true"
51        android:extractNativeLibs="false"
52        android:fullBackupContent="@xml/backup_rules"
52-->src\main\AndroidManifest.xml:23:9-54
53        android:icon="@drawable/app_logo"
53-->src\main\AndroidManifest.xml:24:9-42
54        android:label="@string/app_name"
54-->src\main\AndroidManifest.xml:25:9-41
55        android:roundIcon="@drawable/app_logo"
55-->src\main\AndroidManifest.xml:26:9-47
56        android:supportsRtl="true"
56-->src\main\AndroidManifest.xml:27:9-35
57        android:testOnly="true"
58        android:theme="@style/Theme.AttendEaseCampusCompanion" >
58-->src\main\AndroidManifest.xml:28:9-63
59        <meta-data
60            android:name="com.google.android.geo.API_KEY"
60-->src\main\AndroidManifest.xml:31:13-58
61            android:value="AIzaSyDuchn0as2HJyDlqdYGqTcmPDM__0in5x0" />
61-->src\main\AndroidManifest.xml:32:13-44
62
63        <activity
63-->src\main\AndroidManifest.xml:33:9-55:20
64            android:name="com.example.attendeasecampuscompanion.MainActivity"
64-->src\main\AndroidManifest.xml:34:13-41
65            android:exported="true"
65-->src\main\AndroidManifest.xml:35:13-36
66            android:label="@string/app_name"
66-->src\main\AndroidManifest.xml:36:13-45
67            android:theme="@style/Theme.AttendEaseCampusCompanion" >
67-->src\main\AndroidManifest.xml:37:13-67
68            <intent-filter>
68-->src\main\AndroidManifest.xml:38:13-41:29
69                <action android:name="android.intent.action.MAIN" />
69-->src\main\AndroidManifest.xml:39:17-69
69-->src\main\AndroidManifest.xml:39:25-66
70
71                <category android:name="android.intent.category.LAUNCHER" />
71-->src\main\AndroidManifest.xml:40:17-77
71-->src\main\AndroidManifest.xml:40:27-74
72            </intent-filter>
73            <intent-filter>
73-->src\main\AndroidManifest.xml:42:13-46:29
74                <action android:name="android.nfc.action.NDEF_DISCOVERED" />
74-->src\main\AndroidManifest.xml:43:17-76
74-->src\main\AndroidManifest.xml:43:25-74
75
76                <category android:name="android.intent.category.DEFAULT" />
76-->src\main\AndroidManifest.xml:44:17-75
76-->src\main\AndroidManifest.xml:44:27-73
77
78                <data android:mimeType="*/*" />
78-->src\main\AndroidManifest.xml:45:17-47
78-->src\main\AndroidManifest.xml:45:23-45
79            </intent-filter>
80            <intent-filter>
80-->src\main\AndroidManifest.xml:47:13-50:29
81                <action android:name="android.nfc.action.TAG_DISCOVERED" />
81-->src\main\AndroidManifest.xml:48:17-75
81-->src\main\AndroidManifest.xml:48:25-73
82
83                <category android:name="android.intent.category.DEFAULT" />
83-->src\main\AndroidManifest.xml:44:17-75
83-->src\main\AndroidManifest.xml:44:27-73
84            </intent-filter>
85            <intent-filter>
85-->src\main\AndroidManifest.xml:51:13-54:29
86                <action android:name="android.nfc.action.TECH_DISCOVERED" />
86-->src\main\AndroidManifest.xml:52:17-76
86-->src\main\AndroidManifest.xml:52:25-74
87
88                <category android:name="android.intent.category.DEFAULT" />
88-->src\main\AndroidManifest.xml:44:17-75
88-->src\main\AndroidManifest.xml:44:27-73
89            </intent-filter>
90        </activity>
91
92        <service
92-->src\main\AndroidManifest.xml:57:9-67:19
93            android:name="com.example.attendeasecampuscompanion.HCEService"
93-->src\main\AndroidManifest.xml:58:13-39
94            android:exported="true"
94-->src\main\AndroidManifest.xml:59:13-36
95            android:permission="android.permission.BIND_NFC_SERVICE" >
95-->src\main\AndroidManifest.xml:60:13-69
96            <intent-filter>
96-->src\main\AndroidManifest.xml:61:13-63:29
97                <action android:name="android.nfc.cardemulation.action.HOST_APDU_SERVICE" />
97-->src\main\AndroidManifest.xml:62:17-93
97-->src\main\AndroidManifest.xml:62:25-90
98            </intent-filter>
99
100            <meta-data
100-->src\main\AndroidManifest.xml:64:13-66:55
101                android:name="android.nfc.cardemulation.host_apdu_service"
101-->src\main\AndroidManifest.xml:65:17-75
102                android:resource="@xml/apduservice" />
102-->src\main\AndroidManifest.xml:66:17-52
103        </service>
104
105        <activity
105-->src\main\AndroidManifest.xml:69:9-71:39
106            android:name="com.example.attendeasecampuscompanion.HomeActivity"
106-->src\main\AndroidManifest.xml:70:13-41
107            android:exported="false" />
107-->src\main\AndroidManifest.xml:71:13-37
108        <activity
108-->src\main\AndroidManifest.xml:73:9-75:40
109            android:name="com.example.attendeasecampuscompanion.StudentCourseDetailActivity"
109-->src\main\AndroidManifest.xml:74:13-56
110            android:exported="false" />
110-->src\main\AndroidManifest.xml:75:13-37
111        <activity
111-->src\main\AndroidManifest.xml:77:9-79:39
112            android:name="com.example.attendeasecampuscompanion.ProfessorHomeActivity"
112-->src\main\AndroidManifest.xml:78:13-50
113            android:exported="false" />
113-->src\main\AndroidManifest.xml:79:13-37
114        <activity
114-->src\main\AndroidManifest.xml:81:9-83:40
115            android:name="com.example.attendeasecampuscompanion.ViewCoursesActivity"
115-->src\main\AndroidManifest.xml:82:13-48
116            android:exported="false" />
116-->src\main\AndroidManifest.xml:83:13-37
117        <activity
117-->src\main\AndroidManifest.xml:85:9-87:40
118            android:name="com.example.attendeasecampuscompanion.MyScheduleActivity"
118-->src\main\AndroidManifest.xml:86:13-47
119            android:exported="false" />
119-->src\main\AndroidManifest.xml:87:13-37
120        <activity
120-->src\main\AndroidManifest.xml:89:9-98:20
121            android:name="com.example.attendeasecampuscompanion.AttendanceActivity"
121-->src\main\AndroidManifest.xml:90:13-47
122            android:exported="false"
122-->src\main\AndroidManifest.xml:91:13-37
123            android:theme="@style/Theme.AppCompat.NoActionBar" >
123-->src\main\AndroidManifest.xml:92:13-63
124            <intent-filter>
124-->src\main\AndroidManifest.xml:93:13-97:29
125                <action android:name="android.intent.action.SEND" />
125-->src\main\AndroidManifest.xml:94:17-68
125-->src\main\AndroidManifest.xml:94:25-66
126
127                <category android:name="android.intent.category.DEFAULT" />
127-->src\main\AndroidManifest.xml:44:17-75
127-->src\main\AndroidManifest.xml:44:27-73
128
129                <data android:mimeType="text/plain" />
129-->src\main\AndroidManifest.xml:45:17-47
129-->src\main\AndroidManifest.xml:45:23-45
130            </intent-filter>
131        </activity>
132        <activity
132-->src\main\AndroidManifest.xml:100:9-103:42
133            android:name="com.example.attendeasecampuscompanion.map.MapActivity"
133-->src\main\AndroidManifest.xml:101:13-44
134            android:exported="false"
134-->src\main\AndroidManifest.xml:102:13-37
135            android:label="Campus Map" />
135-->src\main\AndroidManifest.xml:103:13-39
136        <activity
136-->src\main\AndroidManifest.xml:105:9-107:39
137            android:name="com.example.attendeasecampuscompanion.MarkAttendanceActivity"
137-->src\main\AndroidManifest.xml:106:13-51
138            android:exported="false" />
138-->src\main\AndroidManifest.xml:107:13-37
139        <activity
139-->src\main\AndroidManifest.xml:109:9-111:39
140            android:name="com.example.attendeasecampuscompanion.ViewAttendanceActivity"
140-->src\main\AndroidManifest.xml:110:13-51
141            android:exported="false" />
141-->src\main\AndroidManifest.xml:111:13-37
142        <activity
142-->src\main\AndroidManifest.xml:113:9-115:40
143            android:name="com.example.attendeasecampuscompanion.ViewAnnouncementsActivity"
143-->src\main\AndroidManifest.xml:114:13-54
144            android:exported="false" />
144-->src\main\AndroidManifest.xml:115:13-37
145        <activity
145-->src\main\AndroidManifest.xml:117:9-119:40
146            android:name="com.example.attendeasecampuscompanion.SocialActivity"
146-->src\main\AndroidManifest.xml:118:13-43
147            android:exported="false" />
147-->src\main\AndroidManifest.xml:119:13-37
148        <activity
148-->src\main\AndroidManifest.xml:121:9-123:40
149            android:name="com.example.attendeasecampuscompanion.CommentsActivity"
149-->src\main\AndroidManifest.xml:122:13-45
150            android:exported="false" />
150-->src\main\AndroidManifest.xml:123:13-37
151        <activity
151-->src\main\AndroidManifest.xml:125:9-127:40
152            android:name="com.example.attendeasecampuscompanion.FriendsListActivity"
152-->src\main\AndroidManifest.xml:126:13-48
153            android:exported="false" />
153-->src\main\AndroidManifest.xml:127:13-37
154        <activity
154-->src\main\AndroidManifest.xml:129:9-131:40
155            android:name="com.example.attendeasecampuscompanion.FriendRequestsActivity"
155-->src\main\AndroidManifest.xml:130:13-51
156            android:exported="false" />
156-->src\main\AndroidManifest.xml:131:13-37
157        <activity
157-->src\main\AndroidManifest.xml:133:9-135:40
158            android:name="com.example.attendeasecampuscompanion.NotificationsActivity"
158-->src\main\AndroidManifest.xml:134:13-50
159            android:exported="false" />
159-->src\main\AndroidManifest.xml:135:13-37
160        <activity
160-->src\main\AndroidManifest.xml:137:9-145:20
161            android:name="com.example.attendeasecampuscompanion.AttendanceSenderActivity"
161-->src\main\AndroidManifest.xml:138:13-53
162            android:exported="false"
162-->src\main\AndroidManifest.xml:139:13-37
163            android:theme="@style/Theme.AppCompat.NoActionBar" >
163-->src\main\AndroidManifest.xml:140:13-63
164            <intent-filter>
164-->src\main\AndroidManifest.xml:141:13-144:29
165                <action android:name="android.nfc.action.NDEF_DISCOVERED" />
165-->src\main\AndroidManifest.xml:43:17-76
165-->src\main\AndroidManifest.xml:43:25-74
166
167                <category android:name="android.intent.category.DEFAULT" />
167-->src\main\AndroidManifest.xml:44:17-75
167-->src\main\AndroidManifest.xml:44:27-73
168            </intent-filter>
169        </activity>
170        <activity
170-->[androidx.compose.ui:ui-tooling-android:1.6.6] AndroidManifest.xml:23:9-25:39
171            android:name="androidx.compose.ui.tooling.PreviewActivity"
171-->[androidx.compose.ui:ui-tooling-android:1.6.6] AndroidManifest.xml:24:13-71
172            android:exported="true" />
172-->[androidx.compose.ui:ui-tooling-android:1.6.6] AndroidManifest.xml:25:13-36
173        <activity
173-->[androidx.compose.ui:ui-test-manifest:1.6.6] AndroidManifest.xml:23:9-25:39
174            android:name="androidx.activity.ComponentActivity"
174-->[androidx.compose.ui:ui-test-manifest:1.6.6] AndroidManifest.xml:24:13-63
175            android:exported="true" />
175-->[androidx.compose.ui:ui-test-manifest:1.6.6] AndroidManifest.xml:25:13-36
176        <activity
176-->[com.google.firebase:firebase-auth:24.0.1] AndroidManifest.xml:29:9-46:20
177            android:name="com.google.firebase.auth.internal.GenericIdpActivity"
177-->[com.google.firebase:firebase-auth:24.0.1] AndroidManifest.xml:30:13-80
178            android:excludeFromRecents="true"
178-->[com.google.firebase:firebase-auth:24.0.1] AndroidManifest.xml:31:13-46
179            android:exported="true"
179-->[com.google.firebase:firebase-auth:24.0.1] AndroidManifest.xml:32:13-36
180            android:launchMode="singleTask"
180-->[com.google.firebase:firebase-auth:24.0.1] AndroidManifest.xml:33:13-44
181            android:theme="@android:style/Theme.Translucent.NoTitleBar" >
181-->[com.google.firebase:firebase-auth:24.0.1] AndroidManifest.xml:34:13-72
182            <intent-filter>
182-->[com.google.firebase:firebase-auth:24.0.1] AndroidManifest.xml:35:13-45:29
183                <action android:name="android.intent.action.VIEW" />
183-->[com.google.firebase:firebase-auth:24.0.1] AndroidManifest.xml:36:17-69
183-->[com.google.firebase:firebase-auth:24.0.1] AndroidManifest.xml:36:25-66
184
185                <category android:name="android.intent.category.DEFAULT" />
185-->src\main\AndroidManifest.xml:44:17-75
185-->src\main\AndroidManifest.xml:44:27-73
186                <category android:name="android.intent.category.BROWSABLE" />
186-->[com.google.firebase:firebase-auth:24.0.1] AndroidManifest.xml:39:17-78
186-->[com.google.firebase:firebase-auth:24.0.1] AndroidManifest.xml:39:27-75
187
188                <data
188-->src\main\AndroidManifest.xml:45:17-47
189                    android:host="firebase.auth"
190                    android:path="/"
191                    android:scheme="genericidp" />
192            </intent-filter>
193        </activity>
194        <activity
194-->[com.google.firebase:firebase-auth:24.0.1] AndroidManifest.xml:47:9-64:20
195            android:name="com.google.firebase.auth.internal.RecaptchaActivity"
195-->[com.google.firebase:firebase-auth:24.0.1] AndroidManifest.xml:48:13-79
196            android:excludeFromRecents="true"
196-->[com.google.firebase:firebase-auth:24.0.1] AndroidManifest.xml:49:13-46
197            android:exported="true"
197-->[com.google.firebase:firebase-auth:24.0.1] AndroidManifest.xml:50:13-36
198            android:launchMode="singleTask"
198-->[com.google.firebase:firebase-auth:24.0.1] AndroidManifest.xml:51:13-44
199            android:theme="@android:style/Theme.Translucent.NoTitleBar" >
199-->[com.google.firebase:firebase-auth:24.0.1] AndroidManifest.xml:52:13-72
200            <intent-filter>
200-->[com.google.firebase:firebase-auth:24.0.1] AndroidManifest.xml:53:13-63:29
201                <action android:name="android.intent.action.VIEW" />
201-->[com.google.firebase:firebase-auth:24.0.1] AndroidManifest.xml:36:17-69
201-->[com.google.firebase:firebase-auth:24.0.1] AndroidManifest.xml:36:25-66
202
203                <category android:name="android.intent.category.DEFAULT" />
203-->src\main\AndroidManifest.xml:44:17-75
203-->src\main\AndroidManifest.xml:44:27-73
204                <category android:name="android.intent.category.BROWSABLE" />
204-->[com.google.firebase:firebase-auth:24.0.1] AndroidManifest.xml:39:17-78
204-->[com.google.firebase:firebase-auth:24.0.1] AndroidManifest.xml:39:27-75
205
206                <data
206-->src\main\AndroidManifest.xml:45:17-47
207                    android:host="firebase.auth"
208                    android:path="/"
209                    android:scheme="recaptcha" />
210            </intent-filter>
211        </activity>
212
213        <service
213-->[com.google.firebase:firebase-auth:24.0.1] AndroidManifest.xml:66:9-72:19
214            android:name="com.google.firebase.components.ComponentDiscoveryService"
214-->[com.google.firebase:firebase-auth:24.0.1] AndroidManifest.xml:67:13-84
215            android:directBootAware="true"
215-->[com.google.firebase:firebase-common:21.0.0] AndroidManifest.xml:32:13-43
216            android:exported="false" >
216-->[com.google.firebase:firebase-auth:24.0.1] AndroidManifest.xml:68:13-37
217            <meta-data
217-->[com.google.firebase:firebase-auth:24.0.1] AndroidManifest.xml:69:13-71:85
218                android:name="com.google.firebase.components:com.google.firebase.auth.FirebaseAuthRegistrar"
218-->[com.google.firebase:firebase-auth:24.0.1] AndroidManifest.xml:70:17-109
219                android:value="com.google.firebase.components.ComponentRegistrar" />
219-->[com.google.firebase:firebase-auth:24.0.1] AndroidManifest.xml:71:17-82
220            <meta-data
220-->[com.google.firebase:firebase-firestore-ktx:25.1.1] AndroidManifest.xml:12:13-14:85
221                android:name="com.google.firebase.components:com.google.firebase.firestore.ktx.FirebaseFirestoreLegacyRegistrar"
221-->[com.google.firebase:firebase-firestore-ktx:25.1.1] AndroidManifest.xml:13:17-129
222                android:value="com.google.firebase.components.ComponentRegistrar" />
222-->[com.google.firebase:firebase-firestore-ktx:25.1.1] AndroidManifest.xml:14:17-82
223            <meta-data
223-->[com.google.firebase:firebase-firestore:25.1.1] AndroidManifest.xml:17:13-19:85
224                android:name="com.google.firebase.components:com.google.firebase.firestore.FirebaseFirestoreKtxRegistrar"
224-->[com.google.firebase:firebase-firestore:25.1.1] AndroidManifest.xml:18:17-122
225                android:value="com.google.firebase.components.ComponentRegistrar" />
225-->[com.google.firebase:firebase-firestore:25.1.1] AndroidManifest.xml:19:17-82
226            <meta-data
226-->[com.google.firebase:firebase-firestore:25.1.1] AndroidManifest.xml:20:13-22:85
227                android:name="com.google.firebase.components:com.google.firebase.firestore.FirestoreRegistrar"
227-->[com.google.firebase:firebase-firestore:25.1.1] AndroidManifest.xml:21:17-111
228                android:value="com.google.firebase.components.ComponentRegistrar" />
228-->[com.google.firebase:firebase-firestore:25.1.1] AndroidManifest.xml:22:17-82
229            <meta-data
229-->[com.google.firebase:firebase-storage-ktx:21.0.1] AndroidManifest.xml:12:13-14:85
230                android:name="com.google.firebase.components:com.google.firebase.storage.ktx.FirebaseStorageLegacyRegistrar"
230-->[com.google.firebase:firebase-storage-ktx:21.0.1] AndroidManifest.xml:13:17-125
231                android:value="com.google.firebase.components.ComponentRegistrar" />
231-->[com.google.firebase:firebase-storage-ktx:21.0.1] AndroidManifest.xml:14:17-82
232            <meta-data
232-->[com.google.firebase:firebase-storage:21.0.1] AndroidManifest.xml:30:13-32:85
233                android:name="com.google.firebase.components:com.google.firebase.storage.FirebaseStorageKtxRegistrar"
233-->[com.google.firebase:firebase-storage:21.0.1] AndroidManifest.xml:31:17-118
234                android:value="com.google.firebase.components.ComponentRegistrar" />
234-->[com.google.firebase:firebase-storage:21.0.1] AndroidManifest.xml:32:17-82
235            <meta-data
235-->[com.google.firebase:firebase-storage:21.0.1] AndroidManifest.xml:33:13-35:85
236                android:name="com.google.firebase.components:com.google.firebase.storage.StorageRegistrar"
236-->[com.google.firebase:firebase-storage:21.0.1] AndroidManifest.xml:34:17-107
237                android:value="com.google.firebase.components.ComponentRegistrar" />
237-->[com.google.firebase:firebase-storage:21.0.1] AndroidManifest.xml:35:17-82
238            <meta-data
238-->[com.google.firebase:firebase-appcheck:18.0.0] AndroidManifest.xml:25:13-27:85
239                android:name="com.google.firebase.components:com.google.firebase.appcheck.FirebaseAppCheckKtxRegistrar"
239-->[com.google.firebase:firebase-appcheck:18.0.0] AndroidManifest.xml:26:17-120
240                android:value="com.google.firebase.components.ComponentRegistrar" />
240-->[com.google.firebase:firebase-appcheck:18.0.0] AndroidManifest.xml:27:17-82
241            <meta-data
241-->[com.google.firebase:firebase-appcheck:18.0.0] AndroidManifest.xml:28:13-30:85
242                android:name="com.google.firebase.components:com.google.firebase.appcheck.FirebaseAppCheckRegistrar"
242-->[com.google.firebase:firebase-appcheck:18.0.0] AndroidManifest.xml:29:17-117
243                android:value="com.google.firebase.components.ComponentRegistrar" />
243-->[com.google.firebase:firebase-appcheck:18.0.0] AndroidManifest.xml:30:17-82
244            <meta-data
244-->[com.google.firebase:firebase-common-ktx:21.0.0] AndroidManifest.xml:12:13-14:85
245                android:name="com.google.firebase.components:com.google.firebase.ktx.FirebaseCommonLegacyRegistrar"
245-->[com.google.firebase:firebase-common-ktx:21.0.0] AndroidManifest.xml:13:17-116
246                android:value="com.google.firebase.components.ComponentRegistrar" />
246-->[com.google.firebase:firebase-common-ktx:21.0.0] AndroidManifest.xml:14:17-82
247            <meta-data
247-->[com.google.firebase:firebase-common:21.0.0] AndroidManifest.xml:35:13-37:85
248                android:name="com.google.firebase.components:com.google.firebase.FirebaseCommonKtxRegistrar"
248-->[com.google.firebase:firebase-common:21.0.0] AndroidManifest.xml:36:17-109
249                android:value="com.google.firebase.components.ComponentRegistrar" />
249-->[com.google.firebase:firebase-common:21.0.0] AndroidManifest.xml:37:17-82
250        </service>
251
252        <meta-data
252-->[com.google.maps.android:android-maps-utils:3.8.2] AndroidManifest.xml:8:9-10:69
253            android:name="com.google.android.gms.version"
253-->[com.google.maps.android:android-maps-utils:3.8.2] AndroidManifest.xml:9:13-58
254            android:value="@integer/google_play_services_version" /> <!-- Needs to be explicitly declared on P+ -->
254-->[com.google.maps.android:android-maps-utils:3.8.2] AndroidManifest.xml:10:13-66
255        <uses-library
255-->[com.google.android.gms:play-services-maps:19.2.0] AndroidManifest.xml:33:7-86
256            android:name="org.apache.http.legacy"
256-->[com.google.android.gms:play-services-maps:19.2.0] AndroidManifest.xml:33:21-58
257            android:required="false" />
257-->[com.google.android.gms:play-services-maps:19.2.0] AndroidManifest.xml:33:59-83
258
259        <service
259-->[androidx.credentials:credentials-play-services-auth:1.2.0-rc01] AndroidManifest.xml:24:9-32:19
260            android:name="androidx.credentials.playservices.CredentialProviderMetadataHolder"
260-->[androidx.credentials:credentials-play-services-auth:1.2.0-rc01] AndroidManifest.xml:25:13-94
261            android:enabled="true"
261-->[androidx.credentials:credentials-play-services-auth:1.2.0-rc01] AndroidManifest.xml:26:13-35
262            android:exported="false" >
262-->[androidx.credentials:credentials-play-services-auth:1.2.0-rc01] AndroidManifest.xml:27:13-37
263            <meta-data
263-->[androidx.credentials:credentials-play-services-auth:1.2.0-rc01] AndroidManifest.xml:29:13-31:104
264                android:name="androidx.credentials.CREDENTIAL_PROVIDER_KEY"
264-->[androidx.credentials:credentials-play-services-auth:1.2.0-rc01] AndroidManifest.xml:30:17-76
265                android:value="androidx.credentials.playservices.CredentialProviderPlayServicesImpl" />
265-->[androidx.credentials:credentials-play-services-auth:1.2.0-rc01] AndroidManifest.xml:31:17-101
266        </service>
267
268        <activity
268-->[androidx.credentials:credentials-play-services-auth:1.2.0-rc01] AndroidManifest.xml:34:9-41:20
269            android:name="androidx.credentials.playservices.HiddenActivity"
269-->[androidx.credentials:credentials-play-services-auth:1.2.0-rc01] AndroidManifest.xml:35:13-76
270            android:configChanges="orientation|screenSize|screenLayout|keyboardHidden"
270-->[androidx.credentials:credentials-play-services-auth:1.2.0-rc01] AndroidManifest.xml:36:13-87
271            android:enabled="true"
271-->[androidx.credentials:credentials-play-services-auth:1.2.0-rc01] AndroidManifest.xml:37:13-35
272            android:exported="false"
272-->[androidx.credentials:credentials-play-services-auth:1.2.0-rc01] AndroidManifest.xml:38:13-37
273            android:fitsSystemWindows="true"
273-->[androidx.credentials:credentials-play-services-auth:1.2.0-rc01] AndroidManifest.xml:39:13-45
274            android:theme="@style/Theme.Hidden" >
274-->[androidx.credentials:credentials-play-services-auth:1.2.0-rc01] AndroidManifest.xml:40:13-48
275        </activity>
276        <activity
276-->[com.google.android.gms:play-services-auth:20.7.0] AndroidManifest.xml:23:9-27:75
277            android:name="com.google.android.gms.auth.api.signin.internal.SignInHubActivity"
277-->[com.google.android.gms:play-services-auth:20.7.0] AndroidManifest.xml:24:13-93
278            android:excludeFromRecents="true"
278-->[com.google.android.gms:play-services-auth:20.7.0] AndroidManifest.xml:25:13-46
279            android:exported="false"
279-->[com.google.android.gms:play-services-auth:20.7.0] AndroidManifest.xml:26:13-37
280            android:theme="@android:style/Theme.Translucent.NoTitleBar" />
280-->[com.google.android.gms:play-services-auth:20.7.0] AndroidManifest.xml:27:13-72
281        <!--
282            Service handling Google Sign-In user revocation. For apps that do not integrate with
283            Google Sign-In, this service will never be started.
284        -->
285        <service
285-->[com.google.android.gms:play-services-auth:20.7.0] AndroidManifest.xml:33:9-37:51
286            android:name="com.google.android.gms.auth.api.signin.RevocationBoundService"
286-->[com.google.android.gms:play-services-auth:20.7.0] AndroidManifest.xml:34:13-89
287            android:exported="true"
287-->[com.google.android.gms:play-services-auth:20.7.0] AndroidManifest.xml:35:13-36
288            android:permission="com.google.android.gms.auth.api.signin.permission.REVOCATION_NOTIFICATION"
288-->[com.google.android.gms:play-services-auth:20.7.0] AndroidManifest.xml:36:13-107
289            android:visibleToInstantApps="true" />
289-->[com.google.android.gms:play-services-auth:20.7.0] AndroidManifest.xml:37:13-48
290